<?xml version="1.0" encoding="UTF-8"?>
<!-- Generated by org.testng.reporters.JUnitReportReporter -->
<testsuite skipped="0" hostname="DESKTOP-0S344VJ" name="testcases.createproduct" tests="1" failures="0" timestamp="2022-03-19T13:11:42 EDT" time="2.096" errors="0">
  <testcase name="createaproduct" time="2.096" classname="testcases.createproduct"/>
  <system-out/>
</testsuite> <!-- testcases.createproduct -->
