<?xml version="1.0" encoding="UTF-8"?>
<!-- Generated by org.testng.reporters.JUnitReportReporter -->
<testsuite skipped="0" hostname="DESKTOP-0S344VJ" name="testcases.Updateaproduct" tests="1" failures="0" timestamp="2022-03-23T19:25:46 EDT" time="2.465" errors="0">
  <testcase name="updateaproduct" time="2.465" classname="testcases.Updateaproduct"/>
  <system-out/>
</testsuite> <!-- testcases.Updateaproduct -->
