<?xml version="1.0" encoding="UTF-8"?>
<!-- Generated by org.testng.reporters.JUnitReportReporter -->
<testsuite skipped="0" hostname="DESKTOP-0S344VJ" name="testcases.readoneproduct" tests="1" failures="0" timestamp="2022-03-23T19:57:59 EDT" time="2.552" errors="0">
  <testcase name="readoneproducts" time="2.552" classname="testcases.readoneproduct"/>
  <system-out/>
</testsuite> <!-- testcases.readoneproduct -->
