<?xml version="1.0" encoding="UTF-8"?>
<!-- Generated by org.testng.reporters.JUnitReportReporter -->
<testsuite skipped="0" hostname="DESKTOP-0S344VJ" name="testcases.readproductsTest" tests="1" failures="0" timestamp="2022-03-19T13:11:55 EDT" time="3.000" errors="0">
  <testcase name="readallproducts" time="3.000" classname="testcases.readproductsTest"/>
  <system-out/>
</testsuite> <!-- testcases.readproductsTest -->
