<?xml version="1.0" encoding="UTF-8"?>
<!-- Generated by org.testng.reporters.JUnitReportReporter -->
<testsuite skipped="0" hostname="DESKTOP-0S344VJ" name="testcases.Deleteaproduct" tests="1" failures="0" timestamp="2022-03-23T19:57:39 EDT" time="3.169" errors="0">
  <testcase name="deleteaproduct" time="3.169" classname="testcases.Deleteaproduct"/>
  <system-out/>
</testsuite> <!-- testcases.Deleteaproduct -->
